<?xml version="1.0" encoding="UTF-8"?>
<!-- Generated by org.testng.reporters.JUnitXMLReporter -->
<testsuite hostname="ATMECSINLT-184" ignored="0" name="Test" tests="4" failures="0" timestamp="16 Apr 2021 10:58:15 GMT" time="58.973" errors="0">
  <testcase name="loginEmployee" time="0.637" classname="com.atmecs.aspire.testscript.TestAspire"/>
  <testcase name="loginEmployee" time="0.138" classname="com.atmecs.aspire.testscript.TestAspire"/>
  <testcase name="loginEmployee" time="9.237" classname="com.atmecs.aspire.testscript.TestAspire"/>
  <testcase name="timeSheet" time="34.015" classname="com.atmecs.aspire.testscript.TestAspire"/>
</testsuite> <!-- Test -->
