<?xml version="1.0" encoding="UTF-8"?>
<!-- Generated by org.testng.reporters.JUnitXMLReporter -->
<testsuite hostname="ATMECSINLT-184" ignored="0" name="Test" tests="9" failures="0" timestamp="15 Apr 2021 12:13:31 GMT" time="21.122" errors="0">
  <testcase name="validateHeader" time="0.595" classname="it.pkg.testscript.TestHomePage"/>
  <testcase name="validateHeader" time="0.366" classname="it.pkg.testscript.TestHomePage"/>
  <testcase name="validateHeader" time="0.325" classname="it.pkg.testscript.TestHomePage"/>
  <testcase name="validateHeader" time="0.282" classname="it.pkg.testscript.TestHomePage"/>
  <testcase name="validateHeader" time="0.26" classname="it.pkg.testscript.TestHomePage"/>
  <testcase name="validateHeader" time="0.209" classname="it.pkg.testscript.TestHomePage"/>
  <testcase name="validateHeader" time="0.341" classname="it.pkg.testscript.TestHomePage"/>
  <testcase name="validateHeader" time="0.214" classname="it.pkg.testscript.TestHomePage"/>
  <testcase name="validateHeader" time="0.197" classname="it.pkg.testscript.TestHomePage"/>
</testsuite> <!-- Test -->
